<testsuite name="rentacat.spec.ts" timestamp="2026-02-18T22:26:39.397Z" hostname="chromium" tests="11" failures="0" skipped="0" time="21.322" errors="0">
<testcase name="TEST-1-RESET" classname="rentacat.spec.ts" time="1.437">
</testcase>
<testcase name="TEST-2-CATALOG" classname="rentacat.spec.ts" time="1.372">
</testcase>
<testcase name="TEST-3-LISTING" classname="rentacat.spec.ts" time="1.233">
</testcase>
<testcase name="TEST-4-RENT-A-CAT" classname="rentacat.spec.ts" time="1.521">
</testcase>
<testcase name="TEST-5-RENT" classname="rentacat.spec.ts" time="1.359">
</testcase>
<testcase name="TEST-6-RETURN" classname="rentacat.spec.ts" time="1.114">
</testcase>
<testcase name="TEST-7-FEED-A-CAT" classname="rentacat.spec.ts" time="1.135">
</testcase>
<testcase name="TEST-8-FEED" classname="rentacat.spec.ts" time="9.066">
</testcase>
<testcase name="TEST-9-GREET-A-CAT" classname="rentacat.spec.ts" time="1.058">
</testcase>
<testcase name="TEST-10-GREET-A-CAT-WITH-NAME" classname="rentacat.spec.ts" time="0.562">
</testcase>
<testcase name="TEST-11-FEED-A-CAT-SCREENSHOT" classname="rentacat.spec.ts" time="1.465">
</testcase>
</testsuite>